Using pre-set license
Built from '2021.3/staging' branch; Version is '2021.3.22f1 (b6c551784ba3) revision 11978065'; Using compiler version '192829333'; Build Type 'Release'
OS: 'Windows 10  (10.0.19045) 64bit Education' Language: 'ko' Physical Memory: 32532 MB
BatchMode: 1, IsHumanControllingUs: 0, StartBugReporterOnCrash: 0, Is64bit: 1, IsPro: 1

COMMAND LINE ARGUMENTS:
D:\Program\Unity\2021.3.22f1\Editor\Unity.exe
-adb2
-batchMode
-noUpm
-name
AssetImportWorker1
-projectPath
D:/ProJect/Unity Project/2023_Sample/SliverTown
-logFile
Logs/AssetImportWorker1.log
-srvPort
7779
Successfully changed project path to: D:/ProJect/Unity Project/2023_Sample/SliverTown
D:/ProJect/Unity Project/2023_Sample/SliverTown
[UnityMemory] Configuration Parameters - Can be set up in boot.config
    "memorysetup-bucket-allocator-granularity=16"
    "memorysetup-bucket-allocator-bucket-count=8"
    "memorysetup-bucket-allocator-block-size=33554432"
    "memorysetup-bucket-allocator-block-count=8"
    "memorysetup-main-allocator-block-size=16777216"
    "memorysetup-thread-allocator-block-size=16777216"
    "memorysetup-gfx-main-allocator-block-size=16777216"
    "memorysetup-gfx-thread-allocator-block-size=16777216"
    "memorysetup-cache-allocator-block-size=4194304"
    "memorysetup-typetree-allocator-block-size=2097152"
    "memorysetup-profiler-bucket-allocator-granularity=16"
    "memorysetup-profiler-bucket-allocator-bucket-count=8"
    "memorysetup-profiler-bucket-allocator-block-size=33554432"
    "memorysetup-profiler-bucket-allocator-block-count=8"
    "memorysetup-profiler-allocator-block-size=16777216"
    "memorysetup-profiler-editor-allocator-block-size=1048576"
    "memorysetup-temp-allocator-size-main=16777216"
    "memorysetup-job-temp-allocator-block-size=2097152"
    "memorysetup-job-temp-allocator-block-size-background=1048576"
    "memorysetup-job-temp-allocator-reduction-small-platforms=262144"
    "memorysetup-temp-allocator-size-background-worker=32768"
    "memorysetup-temp-allocator-size-job-worker=262144"
    "memorysetup-temp-allocator-size-preload-manager=33554432"
    "memorysetup-temp-allocator-size-nav-mesh-worker=65536"
    "memorysetup-temp-allocator-size-audio-worker=65536"
    "memorysetup-temp-allocator-size-cloud-worker=32768"
    "memorysetup-temp-allocator-size-gi-baking-worker=262144"
    "memorysetup-temp-allocator-size-gfx=262144"
Player connection [54808] Host "[IP] 192.168.0.7 [Port] 0 [Flags] 2 [Guid] 1566955888 [EditorId] 1566955888 [Version] 1048832 [Id] WindowsEditor(7,DESKTOP-GOFFLJI) [Debug] 1 [PackageName] WindowsEditor [ProjectName] Editor" joined multi-casting on [225.0.0.222:54997]...

Player connection [54808] Host "[IP] 192.168.0.7 [Port] 0 [Flags] 2 [Guid] 1566955888 [EditorId] 1566955888 [Version] 1048832 [Id] WindowsEditor(7,DESKTOP-GOFFLJI) [Debug] 1 [PackageName] WindowsEditor [ProjectName] Editor" joined alternative multi-casting on [225.0.0.222:34997]...

Refreshing native plugins compatible for Editor in 19.06 ms, found 2 plugins.
Preloading 0 native plugins for Editor in 0.00 ms.
Initialize engine version: 2021.3.22f1 (b6c551784ba3)
[Subsystems] Discovering subsystems at path D:/Program/Unity/2021.3.22f1/Editor/Data/Resources/UnitySubsystems
[Subsystems] Discovering subsystems at path D:/ProJect/Unity Project/2023_Sample/SliverTown/Assets
GfxDevice: creating device client; threaded=0; jobified=0
Direct3D:
    Version:  Direct3D 11.0 [level 11.1]
    Renderer: NVIDIA GeForce RTX 4080 (ID=0x2704)
    Vendor:   NVIDIA
    VRAM:     16064 MB
    Driver:   31.0.15.3141
Initialize mono
Mono path[0] = 'D:/Program/Unity/2021.3.22f1/Editor/Data/Managed'
Mono path[1] = 'D:/Program/Unity/2021.3.22f1/Editor/Data/MonoBleedingEdge/lib/mono/unityjit-win32'
Mono config path = 'D:/Program/Unity/2021.3.22f1/Editor/Data/MonoBleedingEdge/etc'
Using monoOptions --debugger-agent=transport=dt_socket,embedding=1,server=y,suspend=n,address=127.0.0.1:56356
Begin MonoManager ReloadAssembly
Registering precompiled unity dll's ...
Register platform support module: D:/Program/Unity/2021.3.22f1/Editor/Data/PlaybackEngines/WindowsStandaloneSupport/UnityEditor.WindowsStandalone.Extensions.dll
Registered in 0.002632 seconds.
Native extension for WindowsStandalone target not found
Refreshing native plugins compatible for Editor in 24.07 ms, found 2 plugins.
Preloading 0 native plugins for Editor in 0.00 ms.
Mono: successfully reloaded assembly
- Completed reload, in  0.513 seconds
Domain Reload Profiling:
	ReloadAssembly (514ms)
		BeginReloadAssembly (79ms)
			ExecutionOrderSort (0ms)
			DisableScriptedObjects (0ms)
			BackupInstance (0ms)
			ReleaseScriptingObjects (0ms)
			CreateAndSetChildDomain (1ms)
		EndReloadAssembly (358ms)
			LoadAssemblies (79ms)
			RebuildTransferFunctionScriptingTraits (0ms)
			SetupTypeCache (113ms)
			ReleaseScriptCaches (0ms)
			RebuildScriptCaches (22ms)
			SetupLoadedEditorAssemblies (183ms)
				LogAssemblyErrors (0ms)
				InitializePlatformSupportModulesInManaged (6ms)
				SetLoadedEditorAssemblies (0ms)
				RefreshPlugins (24ms)
				BeforeProcessingInitializeOnLoad (1ms)
				ProcessInitializeOnLoadAttributes (106ms)
				ProcessInitializeOnLoadMethodAttributes (46ms)
				AfterProcessingInitializeOnLoad (0ms)
				EditorAssembliesLoaded (0ms)
			ExecutionOrderSort2 (0ms)
			AwakeInstancesAfterBackupRestoration (0ms)
Platform modules already initialized, skipping
Registering precompiled user dll's ...
Registered in 0.002672 seconds.
Begin MonoManager ReloadAssembly
Native extension for WindowsStandalone target not found
Refreshing native plugins compatible for Editor in 0.36 ms, found 2 plugins.
Preloading 0 native plugins for Editor in 0.00 ms.
Mono: successfully reloaded assembly
- Completed reload, in  0.670 seconds
Domain Reload Profiling:
	ReloadAssembly (670ms)
		BeginReloadAssembly (94ms)
			ExecutionOrderSort (0ms)
			DisableScriptedObjects (5ms)
			BackupInstance (0ms)
			ReleaseScriptingObjects (0ms)
			CreateAndSetChildDomain (17ms)
		EndReloadAssembly (493ms)
			LoadAssemblies (61ms)
			RebuildTransferFunctionScriptingTraits (0ms)
			SetupTypeCache (147ms)
			ReleaseScriptCaches (0ms)
			RebuildScriptCaches (34ms)
			SetupLoadedEditorAssemblies (219ms)
				LogAssemblyErrors (0ms)
				InitializePlatformSupportModulesInManaged (4ms)
				SetLoadedEditorAssemblies (0ms)
				RefreshPlugins (0ms)
				BeforeProcessingInitializeOnLoad (35ms)
				ProcessInitializeOnLoadAttributes (160ms)
				ProcessInitializeOnLoadMethodAttributes (15ms)
				AfterProcessingInitializeOnLoad (3ms)
				EditorAssembliesLoaded (0ms)
			ExecutionOrderSort2 (0ms)
			AwakeInstancesAfterBackupRestoration (13ms)
Platform modules already initialized, skipping
========================================================================
Worker process is ready to serve import requests
Launched and connected shader compiler UnityShaderCompiler.exe after 0.05 seconds
Refreshing native plugins compatible for Editor in 0.42 ms, found 2 plugins.
Preloading 0 native plugins for Editor in 0.00 ms.
Unloading 1370 Unused Serialized files (Serialized files now loaded: 0)
Unloading 18 unused Assets / (57.8 KB). Loaded Objects now: 1849.
Memory consumption went from 138.9 MB to 138.9 MB.
Total: 2.210900 ms (FindLiveObjects: 0.111300 ms CreateObjectMapping: 0.027200 ms MarkObjects: 1.984600 ms  DeleteObjects: 0.087000 ms)

AssetImportParameters requested are different than current active one (requested -> active):
  custom:video-decoder-ogg-theora: a1e56fd34408186e4bbccfd4996cb3dc -> 
  custom:container-muxer-webm: aa71ff27fc2769a1b78a27578f13a17b -> 
  custom:container-demuxer-webm: 4f35f7cbe854078d1ac9338744f61a02 -> 
  custom:video-encoder-webm-vp8: eb34c28f22e8b96e1ab97ce403110664 -> 
  custom:video-codec-MediaFoundation-h265: e54d7ab0439102e2317fc1e4b246158d -> 
  custom:audio-encoder-webm-vorbis: bf7c407c2cedff20999df2af8eb42d56 -> 
  custom:framework-win-MediaFoundation: 216162199b28c13a410421893ffa2e32 -> 
  custom:container-demuxer-ogg: 62fdf1f143b41e24485cea50d1cbac27 -> 
  custom:video-decoder-webm-vp8: 9c59270c3fd7afecdb556c50c9e8de78 -> 
  custom:audio-decoder-ogg-vorbis: bf7c407c2cedff20999df2af8eb42d56 -> 
========================================================================
Received Prepare
Registering precompiled user dll's ...
Registered in 0.002506 seconds.
Begin MonoManager ReloadAssembly
Native extension for WindowsStandalone target not found
Refreshing native plugins compatible for Editor in 0.39 ms, found 2 plugins.
Preloading 0 native plugins for Editor in 0.00 ms.
Mono: successfully reloaded assembly
- Completed reload, in  0.883 seconds
Domain Reload Profiling:
	ReloadAssembly (883ms)
		BeginReloadAssembly (200ms)
			ExecutionOrderSort (0ms)
			DisableScriptedObjects (13ms)
			BackupInstance (0ms)
			ReleaseScriptingObjects (0ms)
			CreateAndSetChildDomain (56ms)
		EndReloadAssembly (597ms)
			LoadAssemblies (108ms)
			RebuildTransferFunctionScriptingTraits (0ms)
			SetupTypeCache (180ms)
			ReleaseScriptCaches (1ms)
			RebuildScriptCaches (50ms)
			SetupLoadedEditorAssemblies (246ms)
				LogAssemblyErrors (0ms)
				InitializePlatformSupportModulesInManaged (5ms)
				SetLoadedEditorAssemblies (1ms)
				RefreshPlugins (0ms)
				BeforeProcessingInitializeOnLoad (40ms)
				ProcessInitializeOnLoadAttributes (178ms)
				ProcessInitializeOnLoadMethodAttributes (19ms)
				AfterProcessingInitializeOnLoad (3ms)
				EditorAssembliesLoaded (0ms)
			ExecutionOrderSort2 (0ms)
			AwakeInstancesAfterBackupRestoration (14ms)
Platform modules already initialized, skipping
Refreshing native plugins compatible for Editor in 1.44 ms, found 2 plugins.
Preloading 0 native plugins for Editor in 0.00 ms.
Unloading 1363 Unused Serialized files (Serialized files now loaded: 0)
Unloading 11 unused Assets / (31.7 KB). Loaded Objects now: 1852.
Memory consumption went from 138.3 MB to 138.3 MB.
Total: 2.867600 ms (FindLiveObjects: 0.116700 ms CreateObjectMapping: 0.027300 ms MarkObjects: 2.687200 ms  DeleteObjects: 0.035400 ms)

AssetImportParameters requested are different than current active one (requested -> active):
  custom:video-decoder-ogg-theora: a1e56fd34408186e4bbccfd4996cb3dc -> 
  custom:container-muxer-webm: aa71ff27fc2769a1b78a27578f13a17b -> 
  custom:container-demuxer-webm: 4f35f7cbe854078d1ac9338744f61a02 -> 
  custom:video-encoder-webm-vp8: eb34c28f22e8b96e1ab97ce403110664 -> 
  custom:video-codec-MediaFoundation-h265: e54d7ab0439102e2317fc1e4b246158d -> 
  custom:audio-encoder-webm-vorbis: bf7c407c2cedff20999df2af8eb42d56 -> 
  custom:framework-win-MediaFoundation: 216162199b28c13a410421893ffa2e32 -> 
  custom:container-demuxer-ogg: 62fdf1f143b41e24485cea50d1cbac27 -> 
  custom:video-decoder-webm-vp8: 9c59270c3fd7afecdb556c50c9e8de78 -> 
  custom:audio-decoder-ogg-vorbis: bf7c407c2cedff20999df2af8eb42d56 -> 
========================================================================
Received Prepare
Registering precompiled user dll's ...
Registered in 0.002553 seconds.
Begin MonoManager ReloadAssembly
Native extension for WindowsStandalone target not found
Refreshing native plugins compatible for Editor in 0.32 ms, found 2 plugins.
Preloading 0 native plugins for Editor in 0.00 ms.
Mono: successfully reloaded assembly
- Completed reload, in  0.742 seconds
Domain Reload Profiling:
	ReloadAssembly (743ms)
		BeginReloadAssembly (139ms)
			ExecutionOrderSort (0ms)
			DisableScriptedObjects (6ms)
			BackupInstance (0ms)
			ReleaseScriptingObjects (0ms)
			CreateAndSetChildDomain (34ms)
		EndReloadAssembly (522ms)
			LoadAssemblies (89ms)
			RebuildTransferFunctionScriptingTraits (0ms)
			SetupTypeCache (156ms)
			ReleaseScriptCaches (1ms)
			RebuildScriptCaches (36ms)
			SetupLoadedEditorAssemblies (227ms)
				LogAssemblyErrors (0ms)
				InitializePlatformSupportModulesInManaged (4ms)
				SetLoadedEditorAssemblies (0ms)
				RefreshPlugins (0ms)
				BeforeProcessingInitializeOnLoad (38ms)
				ProcessInitializeOnLoadAttributes (163ms)
				ProcessInitializeOnLoadMethodAttributes (17ms)
				AfterProcessingInitializeOnLoad (3ms)
				EditorAssembliesLoaded (0ms)
			ExecutionOrderSort2 (0ms)
			AwakeInstancesAfterBackupRestoration (15ms)
Platform modules already initialized, skipping
Refreshing native plugins compatible for Editor in 1.31 ms, found 2 plugins.
Preloading 0 native plugins for Editor in 0.00 ms.
Unloading 1363 Unused Serialized files (Serialized files now loaded: 0)
Unloading 11 unused Assets / (31.7 KB). Loaded Objects now: 1855.
Memory consumption went from 138.3 MB to 138.3 MB.
Total: 2.592600 ms (FindLiveObjects: 0.180400 ms CreateObjectMapping: 0.050100 ms MarkObjects: 2.342400 ms  DeleteObjects: 0.018900 ms)

AssetImportParameters requested are different than current active one (requested -> active):
  custom:video-decoder-ogg-theora: a1e56fd34408186e4bbccfd4996cb3dc -> 
  custom:container-muxer-webm: aa71ff27fc2769a1b78a27578f13a17b -> 
  custom:container-demuxer-webm: 4f35f7cbe854078d1ac9338744f61a02 -> 
  custom:video-encoder-webm-vp8: eb34c28f22e8b96e1ab97ce403110664 -> 
  custom:video-codec-MediaFoundation-h265: e54d7ab0439102e2317fc1e4b246158d -> 
  custom:audio-encoder-webm-vorbis: bf7c407c2cedff20999df2af8eb42d56 -> 
  custom:framework-win-MediaFoundation: 216162199b28c13a410421893ffa2e32 -> 
  custom:container-demuxer-ogg: 62fdf1f143b41e24485cea50d1cbac27 -> 
  custom:video-decoder-webm-vp8: 9c59270c3fd7afecdb556c50c9e8de78 -> 
  custom:audio-decoder-ogg-vorbis: bf7c407c2cedff20999df2af8eb42d56 -> 
========================================================================
Received Prepare
Registering precompiled user dll's ...
Registered in 0.002399 seconds.
Begin MonoManager ReloadAssembly
Native extension for WindowsStandalone target not found
Refreshing native plugins compatible for Editor in 0.47 ms, found 2 plugins.
Preloading 0 native plugins for Editor in 0.00 ms.
Mono: successfully reloaded assembly
- Completed reload, in  0.707 seconds
Domain Reload Profiling:
	ReloadAssembly (707ms)
		BeginReloadAssembly (119ms)
			ExecutionOrderSort (0ms)
			DisableScriptedObjects (5ms)
			BackupInstance (0ms)
			ReleaseScriptingObjects (0ms)
			CreateAndSetChildDomain (22ms)
		EndReloadAssembly (510ms)
			LoadAssemblies (82ms)
			RebuildTransferFunctionScriptingTraits (0ms)
			SetupTypeCache (148ms)
			ReleaseScriptCaches (1ms)
			RebuildScriptCaches (38ms)
			SetupLoadedEditorAssemblies (223ms)
				LogAssemblyErrors (0ms)
				InitializePlatformSupportModulesInManaged (4ms)
				SetLoadedEditorAssemblies (0ms)
				RefreshPlugins (1ms)
				BeforeProcessingInitializeOnLoad (38ms)
				ProcessInitializeOnLoadAttributes (160ms)
				ProcessInitializeOnLoadMethodAttributes (17ms)
				AfterProcessingInitializeOnLoad (3ms)
				EditorAssembliesLoaded (0ms)
			ExecutionOrderSort2 (0ms)
			AwakeInstancesAfterBackupRestoration (14ms)
Platform modules already initialized, skipping
Refreshing native plugins compatible for Editor in 1.13 ms, found 2 plugins.
Preloading 0 native plugins for Editor in 0.00 ms.
Unloading 1363 Unused Serialized files (Serialized files now loaded: 0)
Unloading 11 unused Assets / (31.8 KB). Loaded Objects now: 1858.
Memory consumption went from 138.3 MB to 138.3 MB.
Total: 3.092600 ms (FindLiveObjects: 0.120100 ms CreateObjectMapping: 0.031000 ms MarkObjects: 2.926400 ms  DeleteObjects: 0.014200 ms)

AssetImportParameters requested are different than current active one (requested -> active):
  custom:video-decoder-ogg-theora: a1e56fd34408186e4bbccfd4996cb3dc -> 
  custom:container-muxer-webm: aa71ff27fc2769a1b78a27578f13a17b -> 
  custom:container-demuxer-webm: 4f35f7cbe854078d1ac9338744f61a02 -> 
  custom:video-encoder-webm-vp8: eb34c28f22e8b96e1ab97ce403110664 -> 
  custom:video-codec-MediaFoundation-h265: e54d7ab0439102e2317fc1e4b246158d -> 
  custom:audio-encoder-webm-vorbis: bf7c407c2cedff20999df2af8eb42d56 -> 
  custom:framework-win-MediaFoundation: 216162199b28c13a410421893ffa2e32 -> 
  custom:container-demuxer-ogg: 62fdf1f143b41e24485cea50d1cbac27 -> 
  custom:video-decoder-webm-vp8: 9c59270c3fd7afecdb556c50c9e8de78 -> 
  custom:audio-decoder-ogg-vorbis: bf7c407c2cedff20999df2af8eb42d56 -> 
========================================================================
Received Prepare
Registering precompiled user dll's ...
Registered in 0.002400 seconds.
Begin MonoManager ReloadAssembly
Native extension for WindowsStandalone target not found
Refreshing native plugins compatible for Editor in 0.37 ms, found 2 plugins.
Preloading 0 native plugins for Editor in 0.00 ms.
Mono: successfully reloaded assembly
- Completed reload, in  0.705 seconds
Domain Reload Profiling:
	ReloadAssembly (706ms)
		BeginReloadAssembly (111ms)
			ExecutionOrderSort (0ms)
			DisableScriptedObjects (5ms)
			BackupInstance (0ms)
			ReleaseScriptingObjects (0ms)
			CreateAndSetChildDomain (24ms)
		EndReloadAssembly (515ms)
			LoadAssemblies (73ms)
			RebuildTransferFunctionScriptingTraits (0ms)
			SetupTypeCache (149ms)
			ReleaseScriptCaches (1ms)
			RebuildScriptCaches (37ms)
			SetupLoadedEditorAssemblies (223ms)
				LogAssemblyErrors (0ms)
				InitializePlatformSupportModulesInManaged (5ms)
				SetLoadedEditorAssemblies (0ms)
				RefreshPlugins (0ms)
				BeforeProcessingInitializeOnLoad (36ms)
				ProcessInitializeOnLoadAttributes (162ms)
				ProcessInitializeOnLoadMethodAttributes (17ms)
				AfterProcessingInitializeOnLoad (3ms)
				EditorAssembliesLoaded (0ms)
			ExecutionOrderSort2 (0ms)
			AwakeInstancesAfterBackupRestoration (14ms)
Platform modules already initialized, skipping
Refreshing native plugins compatible for Editor in 1.33 ms, found 2 plugins.
Preloading 0 native plugins for Editor in 0.00 ms.
Unloading 1363 Unused Serialized files (Serialized files now loaded: 0)
Unloading 11 unused Assets / (31.8 KB). Loaded Objects now: 1861.
Memory consumption went from 138.3 MB to 138.3 MB.
Total: 4.149200 ms (FindLiveObjects: 0.111600 ms CreateObjectMapping: 0.029400 ms MarkObjects: 3.994400 ms  DeleteObjects: 0.013200 ms)

AssetImportParameters requested are different than current active one (requested -> active):
  custom:video-decoder-ogg-theora: a1e56fd34408186e4bbccfd4996cb3dc -> 
  custom:container-muxer-webm: aa71ff27fc2769a1b78a27578f13a17b -> 
  custom:container-demuxer-webm: 4f35f7cbe854078d1ac9338744f61a02 -> 
  custom:video-encoder-webm-vp8: eb34c28f22e8b96e1ab97ce403110664 -> 
  custom:video-codec-MediaFoundation-h265: e54d7ab0439102e2317fc1e4b246158d -> 
  custom:audio-encoder-webm-vorbis: bf7c407c2cedff20999df2af8eb42d56 -> 
  custom:framework-win-MediaFoundation: 216162199b28c13a410421893ffa2e32 -> 
  custom:container-demuxer-ogg: 62fdf1f143b41e24485cea50d1cbac27 -> 
  custom:video-decoder-webm-vp8: 9c59270c3fd7afecdb556c50c9e8de78 -> 
  custom:audio-decoder-ogg-vorbis: bf7c407c2cedff20999df2af8eb42d56 -> 
========================================================================
Received Prepare
Registering precompiled user dll's ...
Registered in 0.002202 seconds.
Begin MonoManager ReloadAssembly
Native extension for WindowsStandalone target not found
Refreshing native plugins compatible for Editor in 0.35 ms, found 2 plugins.
Preloading 0 native plugins for Editor in 0.00 ms.
Mono: successfully reloaded assembly
- Completed reload, in  0.722 seconds
Domain Reload Profiling:
	ReloadAssembly (722ms)
		BeginReloadAssembly (129ms)
			ExecutionOrderSort (0ms)
			DisableScriptedObjects (5ms)
			BackupInstance (0ms)
			ReleaseScriptingObjects (0ms)
			CreateAndSetChildDomain (24ms)
		EndReloadAssembly (518ms)
			LoadAssemblies (91ms)
			RebuildTransferFunctionScriptingTraits (0ms)
			SetupTypeCache (150ms)
			ReleaseScriptCaches (1ms)
			RebuildScriptCaches (38ms)
			SetupLoadedEditorAssemblies (224ms)
				LogAssemblyErrors (0ms)
				InitializePlatformSupportModulesInManaged (4ms)
				SetLoadedEditorAssemblies (0ms)
				RefreshPlugins (0ms)
				BeforeProcessingInitializeOnLoad (36ms)
				ProcessInitializeOnLoadAttributes (162ms)
				ProcessInitializeOnLoadMethodAttributes (17ms)
				AfterProcessingInitializeOnLoad (3ms)
				EditorAssembliesLoaded (0ms)
			ExecutionOrderSort2 (0ms)
			AwakeInstancesAfterBackupRestoration (15ms)
Platform modules already initialized, skipping
Refreshing native plugins compatible for Editor in 1.10 ms, found 2 plugins.
Preloading 0 native plugins for Editor in 0.00 ms.
Unloading 1363 Unused Serialized files (Serialized files now loaded: 0)
Unloading 11 unused Assets / (31.8 KB). Loaded Objects now: 1864.
Memory consumption went from 138.3 MB to 138.3 MB.
Total: 2.974500 ms (FindLiveObjects: 0.113900 ms CreateObjectMapping: 0.026400 ms MarkObjects: 2.819200 ms  DeleteObjects: 0.014300 ms)

AssetImportParameters requested are different than current active one (requested -> active):
  custom:video-decoder-ogg-theora: a1e56fd34408186e4bbccfd4996cb3dc -> 
  custom:container-muxer-webm: aa71ff27fc2769a1b78a27578f13a17b -> 
  custom:container-demuxer-webm: 4f35f7cbe854078d1ac9338744f61a02 -> 
  custom:video-encoder-webm-vp8: eb34c28f22e8b96e1ab97ce403110664 -> 
  custom:video-codec-MediaFoundation-h265: e54d7ab0439102e2317fc1e4b246158d -> 
  custom:audio-encoder-webm-vorbis: bf7c407c2cedff20999df2af8eb42d56 -> 
  custom:framework-win-MediaFoundation: 216162199b28c13a410421893ffa2e32 -> 
  custom:container-demuxer-ogg: 62fdf1f143b41e24485cea50d1cbac27 -> 
  custom:video-decoder-webm-vp8: 9c59270c3fd7afecdb556c50c9e8de78 -> 
  custom:audio-decoder-ogg-vorbis: bf7c407c2cedff20999df2af8eb42d56 -> 
========================================================================
Received Prepare
Registering precompiled user dll's ...
Registered in 0.002096 seconds.
Begin MonoManager ReloadAssembly
Native extension for WindowsStandalone target not found
Refreshing native plugins compatible for Editor in 0.44 ms, found 2 plugins.
Preloading 0 native plugins for Editor in 0.00 ms.
Mono: successfully reloaded assembly
- Completed reload, in  0.682 seconds
Domain Reload Profiling:
	ReloadAssembly (683ms)
		BeginReloadAssembly (97ms)
			ExecutionOrderSort (0ms)
			DisableScriptedObjects (5ms)
			BackupInstance (0ms)
			ReleaseScriptingObjects (0ms)
			CreateAndSetChildDomain (22ms)
		EndReloadAssembly (507ms)
			LoadAssemblies (60ms)
			RebuildTransferFunctionScriptingTraits (0ms)
			SetupTypeCache (145ms)
			ReleaseScriptCaches (1ms)
			RebuildScriptCaches (38ms)
			SetupLoadedEditorAssemblies (222ms)
				LogAssemblyErrors (0ms)
				InitializePlatformSupportModulesInManaged (5ms)
				SetLoadedEditorAssemblies (0ms)
				RefreshPlugins (1ms)
				BeforeProcessingInitializeOnLoad (36ms)
				ProcessInitializeOnLoadAttributes (160ms)
				ProcessInitializeOnLoadMethodAttributes (17ms)
				AfterProcessingInitializeOnLoad (3ms)
				EditorAssembliesLoaded (0ms)
			ExecutionOrderSort2 (0ms)
			AwakeInstancesAfterBackupRestoration (13ms)
Platform modules already initialized, skipping
Refreshing native plugins compatible for Editor in 1.06 ms, found 2 plugins.
Preloading 0 native plugins for Editor in 0.00 ms.
Unloading 1363 Unused Serialized files (Serialized files now loaded: 0)
Unloading 11 unused Assets / (31.7 KB). Loaded Objects now: 1867.
Memory consumption went from 138.3 MB to 138.3 MB.
Total: 2.457800 ms (FindLiveObjects: 0.134000 ms CreateObjectMapping: 0.030600 ms MarkObjects: 2.277000 ms  DeleteObjects: 0.015300 ms)

AssetImportParameters requested are different than current active one (requested -> active):
  custom:video-decoder-ogg-theora: a1e56fd34408186e4bbccfd4996cb3dc -> 
  custom:container-muxer-webm: aa71ff27fc2769a1b78a27578f13a17b -> 
  custom:container-demuxer-webm: 4f35f7cbe854078d1ac9338744f61a02 -> 
  custom:video-encoder-webm-vp8: eb34c28f22e8b96e1ab97ce403110664 -> 
  custom:video-codec-MediaFoundation-h265: e54d7ab0439102e2317fc1e4b246158d -> 
  custom:audio-encoder-webm-vorbis: bf7c407c2cedff20999df2af8eb42d56 -> 
  custom:framework-win-MediaFoundation: 216162199b28c13a410421893ffa2e32 -> 
  custom:container-demuxer-ogg: 62fdf1f143b41e24485cea50d1cbac27 -> 
  custom:video-decoder-webm-vp8: 9c59270c3fd7afecdb556c50c9e8de78 -> 
  custom:audio-decoder-ogg-vorbis: bf7c407c2cedff20999df2af8eb42d56 -> 
========================================================================
Received Prepare
Registering precompiled user dll's ...
Registered in 0.001974 seconds.
Begin MonoManager ReloadAssembly
Native extension for WindowsStandalone target not found
Refreshing native plugins compatible for Editor in 0.44 ms, found 2 plugins.
Preloading 0 native plugins for Editor in 0.00 ms.
Mono: successfully reloaded assembly
- Completed reload, in  0.708 seconds
Domain Reload Profiling:
	ReloadAssembly (709ms)
		BeginReloadAssembly (116ms)
			ExecutionOrderSort (0ms)
			DisableScriptedObjects (5ms)
			BackupInstance (0ms)
			ReleaseScriptingObjects (0ms)
			CreateAndSetChildDomain (23ms)
		EndReloadAssembly (516ms)
			LoadAssemblies (77ms)
			RebuildTransferFunctionScriptingTraits (0ms)
			SetupTypeCache (148ms)
			ReleaseScriptCaches (1ms)
			RebuildScriptCaches (38ms)
			SetupLoadedEditorAssemblies (225ms)
				LogAssemblyErrors (0ms)
				InitializePlatformSupportModulesInManaged (5ms)
				SetLoadedEditorAssemblies (0ms)
				RefreshPlugins (1ms)
				BeforeProcessingInitializeOnLoad (37ms)
				ProcessInitializeOnLoadAttributes (162ms)
				ProcessInitializeOnLoadMethodAttributes (17ms)
				AfterProcessingInitializeOnLoad (3ms)
				EditorAssembliesLoaded (0ms)
			ExecutionOrderSort2 (0ms)
			AwakeInstancesAfterBackupRestoration (15ms)
Platform modules already initialized, skipping
Refreshing native plugins compatible for Editor in 1.01 ms, found 2 plugins.
Preloading 0 native plugins for Editor in 0.00 ms.
Unloading 1363 Unused Serialized files (Serialized files now loaded: 0)
Unloading 11 unused Assets / (31.8 KB). Loaded Objects now: 1870.
Memory consumption went from 138.4 MB to 138.3 MB.
Total: 2.597900 ms (FindLiveObjects: 0.128900 ms CreateObjectMapping: 0.028500 ms MarkObjects: 2.428000 ms  DeleteObjects: 0.011900 ms)

AssetImportParameters requested are different than current active one (requested -> active):
  custom:video-decoder-ogg-theora: a1e56fd34408186e4bbccfd4996cb3dc -> 
  custom:container-muxer-webm: aa71ff27fc2769a1b78a27578f13a17b -> 
  custom:container-demuxer-webm: 4f35f7cbe854078d1ac9338744f61a02 -> 
  custom:video-encoder-webm-vp8: eb34c28f22e8b96e1ab97ce403110664 -> 
  custom:video-codec-MediaFoundation-h265: e54d7ab0439102e2317fc1e4b246158d -> 
  custom:audio-encoder-webm-vorbis: bf7c407c2cedff20999df2af8eb42d56 -> 
  custom:framework-win-MediaFoundation: 216162199b28c13a410421893ffa2e32 -> 
  custom:container-demuxer-ogg: 62fdf1f143b41e24485cea50d1cbac27 -> 
  custom:video-decoder-webm-vp8: 9c59270c3fd7afecdb556c50c9e8de78 -> 
  custom:audio-decoder-ogg-vorbis: bf7c407c2cedff20999df2af8eb42d56 -> 
========================================================================
Received Import Request.
  Time since last request: 319924.056741 seconds.
  path: Assets/PolygonBattleRoyale/Prefabs/Characters/Attachments/SM_Char_Attach_Bag_Lvl2.prefab
  artifactKey: Guid(03f0e9ccf67dd0e4b92891caf43bc9b1) Importer(815301076,1909f56bfc062723c751e8b465ee728b)
Start importing Assets/PolygonBattleRoyale/Prefabs/Characters/Attachments/SM_Char_Attach_Bag_Lvl2.prefab using Guid(03f0e9ccf67dd0e4b92891caf43bc9b1) Importer(815301076,1909f56bfc062723c751e8b465ee728b)  -> (artifact id: '11fec415e7b9dcdc9eb2b0ebe36ec578') in 0.209266 seconds 
========================================================================
Received Import Request.
  Time since last request: 0.000016 seconds.
  path: Assets/PolygonBattleRoyale/Prefabs/Characters/Attachments/SM_Chr_Attach_Hat_Pot_01.prefab
  artifactKey: Guid(073acd292c607a74f87acefe09997b8a) Importer(815301076,1909f56bfc062723c751e8b465ee728b)
Start importing Assets/PolygonBattleRoyale/Prefabs/Characters/Attachments/SM_Chr_Attach_Hat_Pot_01.prefab using Guid(073acd292c607a74f87acefe09997b8a) Importer(815301076,1909f56bfc062723c751e8b465ee728b)  -> (artifact id: 'aaabbc178d82231124fccb7c0b9f0ad3') in 0.013261 seconds 
========================================================================
Received Import Request.
  Time since last request: 0.000022 seconds.
  path: Assets/PolygonBattleRoyale/Prefabs/Characters/Attachments/SM_Chr_Attach_Hat_Mil_01.prefab
  artifactKey: Guid(63bb644fd4b60d346acb5a64621a2da5) Importer(815301076,1909f56bfc062723c751e8b465ee728b)
Start importing Assets/PolygonBattleRoyale/Prefabs/Characters/Attachments/SM_Chr_Attach_Hat_Mil_01.prefab using Guid(63bb644fd4b60d346acb5a64621a2da5) Importer(815301076,1909f56bfc062723c751e8b465ee728b)  -> (artifact id: '026bc42e421e0868db47ea2d518d4468') in 0.012905 seconds 
========================================================================
Received Import Request.
  Time since last request: 0.000014 seconds.
  path: Assets/PolygonBattleRoyale/Prefabs/Characters/Attachments/SM_Chr_Attach_Pouch_07.prefab
  artifactKey: Guid(20a23f0c3f6b2c1498c9c8497c227160) Importer(815301076,1909f56bfc062723c751e8b465ee728b)
Start importing Assets/PolygonBattleRoyale/Prefabs/Characters/Attachments/SM_Chr_Attach_Pouch_07.prefab using Guid(20a23f0c3f6b2c1498c9c8497c227160) Importer(815301076,1909f56bfc062723c751e8b465ee728b)  -> (artifact id: 'a5367ecf7b53ee389a347bc4cfa0ff04') in 0.015234 seconds 
========================================================================
Received Import Request.
  Time since last request: 0.000015 seconds.
  path: Assets/PolygonBattleRoyale/Prefabs/Characters/Attachments/SM_Chr_Attach_Hat_Bunny_01.prefab
  artifactKey: Guid(f1f84af7f1879344f8db0847dccfd296) Importer(815301076,1909f56bfc062723c751e8b465ee728b)
Start importing Assets/PolygonBattleRoyale/Prefabs/Characters/Attachments/SM_Chr_Attach_Hat_Bunny_01.prefab using Guid(f1f84af7f1879344f8db0847dccfd296) Importer(815301076,1909f56bfc062723c751e8b465ee728b)  -> (artifact id: '5f9365e354e7035d122aa1dfe3507392') in 0.021049 seconds 
========================================================================
Received Import Request.
  Time since last request: 0.000015 seconds.
  path: Assets/PolygonBattleRoyale/Prefabs/Characters/Attachments/SM_Chr_Attach_Pouch_02.prefab
  artifactKey: Guid(f21d8450a33a16149b37c935ea82171f) Importer(815301076,1909f56bfc062723c751e8b465ee728b)
Start importing Assets/PolygonBattleRoyale/Prefabs/Characters/Attachments/SM_Chr_Attach_Pouch_02.prefab using Guid(f21d8450a33a16149b37c935ea82171f) Importer(815301076,1909f56bfc062723c751e8b465ee728b)  -> (artifact id: '128cf3762e21880920dc9b2a8ed6cb2f') in 0.018880 seconds 
========================================================================
Received Import Request.
  Time since last request: 0.000016 seconds.
  path: Assets/PolygonBattleRoyale/Prefabs/Characters/Attachments/SM_Chr_Attach_Hat_Knight_01.prefab
  artifactKey: Guid(5ee28207ad692ef4fa3b57a66cb0cce8) Importer(815301076,1909f56bfc062723c751e8b465ee728b)
Start importing Assets/PolygonBattleRoyale/Prefabs/Characters/Attachments/SM_Chr_Attach_Hat_Knight_01.prefab using Guid(5ee28207ad692ef4fa3b57a66cb0cce8) Importer(815301076,1909f56bfc062723c751e8b465ee728b)  -> (artifact id: '0e023414b796b6b60a5badd62036d676') in 0.018489 seconds 
========================================================================
Received Import Request.
  Time since last request: 0.000017 seconds.
  path: Assets/PolygonBattleRoyale/Prefabs/Characters/Attachments/SM_Chr_Attach_Hat_Party_01.prefab
  artifactKey: Guid(08f9224293928e84b832bc1af8cf72e5) Importer(815301076,1909f56bfc062723c751e8b465ee728b)
Start importing Assets/PolygonBattleRoyale/Prefabs/Characters/Attachments/SM_Chr_Attach_Hat_Party_01.prefab using Guid(08f9224293928e84b832bc1af8cf72e5) Importer(815301076,1909f56bfc062723c751e8b465ee728b)  -> (artifact id: '7ad8181fbf2b3abf5b2701f4f8e6126a') in 0.017104 seconds 
========================================================================
Received Import Request.
  Time since last request: 0.000015 seconds.
  path: Assets/PolygonBattleRoyale/Prefabs/Characters/Attachments/SM_Chr_Attach_Hat_Samurai_01.prefab
  artifactKey: Guid(1e01c3fef13ba0a439648a704b8203e5) Importer(815301076,1909f56bfc062723c751e8b465ee728b)
Start importing Assets/PolygonBattleRoyale/Prefabs/Characters/Attachments/SM_Chr_Attach_Hat_Samurai_01.prefab using Guid(1e01c3fef13ba0a439648a704b8203e5) Importer(815301076,1909f56bfc062723c751e8b465ee728b)  -> (artifact id: '2a64dbe78d8dd3e3da5dfe43e393f91b') in 0.015156 seconds 
========================================================================
Received Import Request.
  Time since last request: 0.000016 seconds.
  path: Assets/PolygonBattleRoyale/Prefabs/Characters/Attachments/SM_Char_Attach_Helmet_03.prefab
  artifactKey: Guid(7b0c656d342f1f64eb4267baf477675f) Importer(815301076,1909f56bfc062723c751e8b465ee728b)
Start importing Assets/PolygonBattleRoyale/Prefabs/Characters/Attachments/SM_Char_Attach_Helmet_03.prefab using Guid(7b0c656d342f1f64eb4267baf477675f) Importer(815301076,1909f56bfc062723c751e8b465ee728b)  -> (artifact id: 'dedc177c552f0a4a35180ca9d4cd1b70') in 0.017426 seconds 
========================================================================
Received Import Request.
  Time since last request: 0.000016 seconds.
  path: Assets/PolygonBattleRoyale/Prefabs/Characters/Attachments/SM_Chr_Attach_Hat_Beanie_01.prefab
  artifactKey: Guid(c5fa49801e1cb7c4691874866014b066) Importer(815301076,1909f56bfc062723c751e8b465ee728b)
Start importing Assets/PolygonBattleRoyale/Prefabs/Characters/Attachments/SM_Chr_Attach_Hat_Beanie_01.prefab using Guid(c5fa49801e1cb7c4691874866014b066) Importer(815301076,1909f56bfc062723c751e8b465ee728b)  -> (artifact id: '2dc733e7a530c1ec64189c4b86a13d67') in 0.016632 seconds 
========================================================================
Received Import Request.
  Time since last request: 0.000015 seconds.
  path: Assets/PolygonBattleRoyale/Prefabs/Characters/Attachments/SM_Chr_Attach_Hat_Shark_01.prefab
  artifactKey: Guid(87766464316015042857b7ae2ac09b7a) Importer(815301076,1909f56bfc062723c751e8b465ee728b)
Start importing Assets/PolygonBattleRoyale/Prefabs/Characters/Attachments/SM_Chr_Attach_Hat_Shark_01.prefab using Guid(87766464316015042857b7ae2ac09b7a) Importer(815301076,1909f56bfc062723c751e8b465ee728b)  -> (artifact id: '948ec76ccef46d8600956c0ac8e837f6') in 0.018618 seconds 
========================================================================
Received Import Request.
  Time since last request: 0.000013 seconds.
  path: Assets/PolygonBattleRoyale/Prefabs/Characters/Attachments/SM_Chr_Attach_Male_Hair_06.prefab
  artifactKey: Guid(0fba6aa0583f5794c976afadb4b60f28) Importer(815301076,1909f56bfc062723c751e8b465ee728b)
Start importing Assets/PolygonBattleRoyale/Prefabs/Characters/Attachments/SM_Chr_Attach_Male_Hair_06.prefab using Guid(0fba6aa0583f5794c976afadb4b60f28) Importer(815301076,1909f56bfc062723c751e8b465ee728b)  -> (artifact id: '2b6315579f61b0732ef1e81f76642d51') in 0.023025 seconds 
========================================================================
Received Import Request.
  Time since last request: 0.000024 seconds.
  path: Assets/PolygonBattleRoyale/Prefabs/Characters/Attachments/SM_Chr_Attach_Hat_Mexican_01.prefab
  artifactKey: Guid(2e3047661de938748b71164bbdad79f1) Importer(815301076,1909f56bfc062723c751e8b465ee728b)
Start importing Assets/PolygonBattleRoyale/Prefabs/Characters/Attachments/SM_Chr_Attach_Hat_Mexican_01.prefab using Guid(2e3047661de938748b71164bbdad79f1) Importer(815301076,1909f56bfc062723c751e8b465ee728b)  -> (artifact id: 'bc310148271454ad554a8d06f1f69da6') in 0.046867 seconds 
========================================================================
Received Import Request.
  Time since last request: 0.000025 seconds.
  path: Assets/PolygonBattleRoyale/Prefabs/Buildings/SM_Bld_SmallBuilding_01.prefab
  artifactKey: Guid(3cadbc2079e210144b233760a219b095) Importer(815301076,1909f56bfc062723c751e8b465ee728b)
Start importing Assets/PolygonBattleRoyale/Prefabs/Buildings/SM_Bld_SmallBuilding_01.prefab using Guid(3cadbc2079e210144b233760a219b095) Importer(815301076,1909f56bfc062723c751e8b465ee728b)  -> (artifact id: 'd2b2e779ad363584ace3e1fb1da65e94') in 0.033866 seconds 
========================================================================
Received Import Request.
  Time since last request: 0.000014 seconds.
  path: Assets/PolygonBattleRoyale/Prefabs/Characters/Attachments/SM_Char_Attach_Bag_Lvl3.prefab
  artifactKey: Guid(b85d7680cc4425841af4b10e8cf220c9) Importer(815301076,1909f56bfc062723c751e8b465ee728b)
Start importing Assets/PolygonBattleRoyale/Prefabs/Characters/Attachments/SM_Char_Attach_Bag_Lvl3.prefab using Guid(b85d7680cc4425841af4b10e8cf220c9) Importer(815301076,1909f56bfc062723c751e8b465ee728b)  -> (artifact id: 'b91148e8a143f1c31435d3d66fcc7894') in 0.023838 seconds 
========================================================================
Received Import Request.
  Time since last request: 0.000015 seconds.
  path: Assets/PolygonBattleRoyale/Prefabs/Characters/Attachments/SM_Chr_Attach_Beard_05.prefab
  artifactKey: Guid(a06008e7cd183a944a56bb0d368d6067) Importer(815301076,1909f56bfc062723c751e8b465ee728b)
Start importing Assets/PolygonBattleRoyale/Prefabs/Characters/Attachments/SM_Chr_Attach_Beard_05.prefab using Guid(a06008e7cd183a944a56bb0d368d6067) Importer(815301076,1909f56bfc062723c751e8b465ee728b)  -> (artifact id: 'f3f77a6cdd88d252dcf274aa1f50ab6e') in 0.023374 seconds 
========================================================================
Received Import Request.
  Time since last request: 0.000014 seconds.
  path: Assets/PolygonBattleRoyale/Prefabs/Buildings/SM_Bld_House_02.prefab
  artifactKey: Guid(0cee5f343e1618e4d9b4cdf0cea994c9) Importer(815301076,1909f56bfc062723c751e8b465ee728b)
Start importing Assets/PolygonBattleRoyale/Prefabs/Buildings/SM_Bld_House_02.prefab using Guid(0cee5f343e1618e4d9b4cdf0cea994c9) Importer(815301076,1909f56bfc062723c751e8b465ee728b)  -> (artifact id: '23f8c0a176498203b1a8367964ccd0b4') in 0.015720 seconds 
========================================================================
Received Import Request.
  Time since last request: 0.000018 seconds.
  path: Assets/PolygonBattleRoyale/Prefabs/Characters/Attachments/SM_Chr_Attach_Facemask_01.prefab
  artifactKey: Guid(eef31ce69c6621845b5c962d3f3f612e) Importer(815301076,1909f56bfc062723c751e8b465ee728b)
Start importing Assets/PolygonBattleRoyale/Prefabs/Characters/Attachments/SM_Chr_Attach_Facemask_01.prefab using Guid(eef31ce69c6621845b5c962d3f3f612e) Importer(815301076,1909f56bfc062723c751e8b465ee728b)  -> (artifact id: 'a22dd4a75f398af3b8c2f0d8db22e5bf') in 0.014681 seconds 
========================================================================
Received Import Request.
  Time since last request: 0.000016 seconds.
  path: Assets/PolygonBattleRoyale/Prefabs/Characters/Attachments/SM_Char_Attach_Helmet_01.prefab
  artifactKey: Guid(5be55c6877df9394c8d5bce5d776af2a) Importer(815301076,1909f56bfc062723c751e8b465ee728b)
Start importing Assets/PolygonBattleRoyale/Prefabs/Characters/Attachments/SM_Char_Attach_Helmet_01.prefab using Guid(5be55c6877df9394c8d5bce5d776af2a) Importer(815301076,1909f56bfc062723c751e8b465ee728b)  -> (artifact id: 'e36f8d840152e5777e67042c511c782f') in 0.018513 seconds 
========================================================================
Received Import Request.
  Time since last request: 0.000014 seconds.
  path: Assets/PolygonBattleRoyale/Prefabs/Characters/Attachments/SM_Chr_Attach_Hat_Irish_01.prefab
  artifactKey: Guid(068d1edda781a904a97a02f8542af4b5) Importer(815301076,1909f56bfc062723c751e8b465ee728b)
Start importing Assets/PolygonBattleRoyale/Prefabs/Characters/Attachments/SM_Chr_Attach_Hat_Irish_01.prefab using Guid(068d1edda781a904a97a02f8542af4b5) Importer(815301076,1909f56bfc062723c751e8b465ee728b)  -> (artifact id: 'e6abf496ddebb29476169da605c836cf') in 0.015327 seconds 
========================================================================
Received Import Request.
  Time since last request: 0.000015 seconds.
  path: Assets/PolygonBattleRoyale/Prefabs/Characters/Attachments/SM_Chr_Attach_Earmuffs_01.prefab
  artifactKey: Guid(2ed3caf25fe13074c9bccd73cc7024da) Importer(815301076,1909f56bfc062723c751e8b465ee728b)
Start importing Assets/PolygonBattleRoyale/Prefabs/Characters/Attachments/SM_Chr_Attach_Earmuffs_01.prefab using Guid(2ed3caf25fe13074c9bccd73cc7024da) Importer(815301076,1909f56bfc062723c751e8b465ee728b)  -> (artifact id: '44f69c909ede3d1aab07ae9e2c6549ec') in 0.015151 seconds 
========================================================================
Received Import Request.
  Time since last request: 0.000015 seconds.
  path: Assets/PolygonBattleRoyale/Prefabs/Characters/Attachments/SM_Chr_Attach_Hat_Beer_01.prefab
  artifactKey: Guid(262dd57453dcef54b82d0005a815e9de) Importer(815301076,1909f56bfc062723c751e8b465ee728b)
Start importing Assets/PolygonBattleRoyale/Prefabs/Characters/Attachments/SM_Chr_Attach_Hat_Beer_01.prefab using Guid(262dd57453dcef54b82d0005a815e9de) Importer(815301076,1909f56bfc062723c751e8b465ee728b)  -> (artifact id: '1ed90f7cb3010976cd8d2a19f4048c74') in 0.021777 seconds 
========================================================================
Received Import Request.
  Time since last request: 0.000017 seconds.
  path: Assets/PolygonBattleRoyale/Prefabs/Buildings/SM_Bld_Warehouse_01.prefab
  artifactKey: Guid(f4bb022ab0d2a5c46b6af300deb95be5) Importer(815301076,1909f56bfc062723c751e8b465ee728b)
Start importing Assets/PolygonBattleRoyale/Prefabs/Buildings/SM_Bld_Warehouse_01.prefab using Guid(f4bb022ab0d2a5c46b6af300deb95be5) Importer(815301076,1909f56bfc062723c751e8b465ee728b)  -> (artifact id: '7c055a43f3354c14e3558eef3153c2db') in 0.012338 seconds 
========================================================================
Received Import Request.
  Time since last request: 0.000023 seconds.
  path: Assets/PolygonBattleRoyale/Prefabs/Characters/Attachments/SM_Chr_Attach_Female_02.prefab
  artifactKey: Guid(8a572c07402b0714ba9bb2986d2eec5b) Importer(815301076,1909f56bfc062723c751e8b465ee728b)
Start importing Assets/PolygonBattleRoyale/Prefabs/Characters/Attachments/SM_Chr_Attach_Female_02.prefab using Guid(8a572c07402b0714ba9bb2986d2eec5b) Importer(815301076,1909f56bfc062723c751e8b465ee728b)  -> (artifact id: 'f235571d116e15615e5953b73fdc542c') in 0.018864 seconds 
========================================================================
Received Import Request.
  Time since last request: 0.000015 seconds.
  path: Assets/PolygonBattleRoyale/Prefabs/Characters/Attachments/SM_Chr_Attach_Beard_04.prefab
  artifactKey: Guid(5cf1e9d3a005e5f44b027a128156e2d3) Importer(815301076,1909f56bfc062723c751e8b465ee728b)
Start importing Assets/PolygonBattleRoyale/Prefabs/Characters/Attachments/SM_Chr_Attach_Beard_04.prefab using Guid(5cf1e9d3a005e5f44b027a128156e2d3) Importer(815301076,1909f56bfc062723c751e8b465ee728b)  -> (artifact id: '0942654a80b3ed22366d73bc68094a7f') in 0.014223 seconds 
========================================================================
Received Import Request.
  Time since last request: 0.000013 seconds.
  path: Assets/PolygonBattleRoyale/Prefabs/Characters/Attachments/SM_Chr_Attach_Hat_Cap_01.prefab
  artifactKey: Guid(dcae944209e7dc44780a76d028db8e91) Importer(815301076,1909f56bfc062723c751e8b465ee728b)
Start importing Assets/PolygonBattleRoyale/Prefabs/Characters/Attachments/SM_Chr_Attach_Hat_Cap_01.prefab using Guid(dcae944209e7dc44780a76d028db8e91) Importer(815301076,1909f56bfc062723c751e8b465ee728b)  -> (artifact id: '2a845bcb0d1f5d0c1679f44fd3454c29') in 0.018349 seconds 
========================================================================
Received Import Request.
  Time since last request: 0.000014 seconds.
  path: Assets/PolygonBattleRoyale/Prefabs/Characters/Attachments/SM_Char_Attach_Helmet_02.prefab
  artifactKey: Guid(d1d1fb0324ed9084a9665dda8094a654) Importer(815301076,1909f56bfc062723c751e8b465ee728b)
Start importing Assets/PolygonBattleRoyale/Prefabs/Characters/Attachments/SM_Char_Attach_Helmet_02.prefab using Guid(d1d1fb0324ed9084a9665dda8094a654) Importer(815301076,1909f56bfc062723c751e8b465ee728b)  -> (artifact id: '25d670bbfa302732afb38995ab30ebba') in 0.012923 seconds 
========================================================================
Received Import Request.
  Time since last request: 0.000017 seconds.
  path: Assets/PolygonBattleRoyale/Prefabs/Characters/Attachments/SM_Chr_Attach_Facemask_02.prefab
  artifactKey: Guid(e1f4e058646c1564cbd7d7589c854f19) Importer(815301076,1909f56bfc062723c751e8b465ee728b)
Start importing Assets/PolygonBattleRoyale/Prefabs/Characters/Attachments/SM_Chr_Attach_Facemask_02.prefab using Guid(e1f4e058646c1564cbd7d7589c854f19) Importer(815301076,1909f56bfc062723c751e8b465ee728b)  -> (artifact id: '43d9ff1f05d8b3f4e8336ba4aed11004') in 0.014809 seconds 
========================================================================
Received Import Request.
  Time since last request: 0.000019 seconds.
  path: Assets/PolygonBattleRoyale/Prefabs/Characters/Attachments/SM_Chr_Attach_Hat_Football_01.prefab
  artifactKey: Guid(4e5adfecd2780414d9db8b749ddc4403) Importer(815301076,1909f56bfc062723c751e8b465ee728b)
Start importing Assets/PolygonBattleRoyale/Prefabs/Characters/Attachments/SM_Chr_Attach_Hat_Football_01.prefab using Guid(4e5adfecd2780414d9db8b749ddc4403) Importer(815301076,1909f56bfc062723c751e8b465ee728b)  -> (artifact id: '03d00ea05dc94d4145f82af4b1b5eee2') in 0.015880 seconds 
========================================================================
Received Import Request.
  Time since last request: 0.000018 seconds.
  path: Assets/PolygonBattleRoyale/Prefabs/Characters/Attachments/SM_Chr_Attach_Beard_06.prefab
  artifactKey: Guid(f33d4807920b5d84e927b8c82ac33f28) Importer(815301076,1909f56bfc062723c751e8b465ee728b)
Start importing Assets/PolygonBattleRoyale/Prefabs/Characters/Attachments/SM_Chr_Attach_Beard_06.prefab using Guid(f33d4807920b5d84e927b8c82ac33f28) Importer(815301076,1909f56bfc062723c751e8b465ee728b)  -> (artifact id: '9317a9baa9bfc2e9d0167174dbc11c43') in 0.019548 seconds 
========================================================================
Received Import Request.
  Time since last request: 0.000015 seconds.
  path: Assets/PolygonBattleRoyale/Prefabs/Characters/Attachments/SM_Chr_Attach_Hat_Unicorn_01.prefab
  artifactKey: Guid(e28d36fed7b8a2745a9791fe5267d829) Importer(815301076,1909f56bfc062723c751e8b465ee728b)
Start importing Assets/PolygonBattleRoyale/Prefabs/Characters/Attachments/SM_Chr_Attach_Hat_Unicorn_01.prefab using Guid(e28d36fed7b8a2745a9791fe5267d829) Importer(815301076,1909f56bfc062723c751e8b465ee728b)  -> (artifact id: '3eae390fb8a08d990486407c65f80c33') in 0.015010 seconds 
========================================================================
Received Import Request.
  Time since last request: 0.000014 seconds.
  path: Assets/PolygonBattleRoyale/Prefabs/Characters/Attachments/SM_Chr_Attach_Scarf_02.prefab
  artifactKey: Guid(b7a8c5608c486664fba0f824a6693a00) Importer(815301076,1909f56bfc062723c751e8b465ee728b)
Start importing Assets/PolygonBattleRoyale/Prefabs/Characters/Attachments/SM_Chr_Attach_Scarf_02.prefab using Guid(b7a8c5608c486664fba0f824a6693a00) Importer(815301076,1909f56bfc062723c751e8b465ee728b)  -> (artifact id: '77f4ed71bf288a419c027c233c9cbb8a') in 0.013215 seconds 
========================================================================
Received Import Request.
  Time since last request: 0.000014 seconds.
  path: Assets/PolygonBattleRoyale/Prefabs/Characters/Attachments/SM_Chr_Attach_Pouch_06.prefab
  artifactKey: Guid(e61463c111abdca4b857d5c68e3153ea) Importer(815301076,1909f56bfc062723c751e8b465ee728b)
Start importing Assets/PolygonBattleRoyale/Prefabs/Characters/Attachments/SM_Chr_Attach_Pouch_06.prefab using Guid(e61463c111abdca4b857d5c68e3153ea) Importer(815301076,1909f56bfc062723c751e8b465ee728b)  -> (artifact id: '791a54e6d013137bff5dd872fb443b99') in 0.019042 seconds 
========================================================================
Received Import Request.
  Time since last request: 0.000011 seconds.
  path: Assets/PolygonBattleRoyale/Prefabs/Buildings/SM_Bld_House_Glass_01.prefab
  artifactKey: Guid(e9b5d1f2bf0b9d14aa3e05c1d365110b) Importer(815301076,1909f56bfc062723c751e8b465ee728b)
Start importing Assets/PolygonBattleRoyale/Prefabs/Buildings/SM_Bld_House_Glass_01.prefab using Guid(e9b5d1f2bf0b9d14aa3e05c1d365110b) Importer(815301076,1909f56bfc062723c751e8b465ee728b)  -> (artifact id: 'bc69b38da075fc5311c5fe82314c33b2') in 0.013104 seconds 
========================================================================
Received Import Request.
  Time since last request: 0.000013 seconds.
  path: Assets/PolygonBattleRoyale/Prefabs/Characters/Attachments/SM_Chr_Attach_Male_Hair_04.prefab
  artifactKey: Guid(81c2f0d145e746240937a164057fbcdf) Importer(815301076,1909f56bfc062723c751e8b465ee728b)
Start importing Assets/PolygonBattleRoyale/Prefabs/Characters/Attachments/SM_Chr_Attach_Male_Hair_04.prefab using Guid(81c2f0d145e746240937a164057fbcdf) Importer(815301076,1909f56bfc062723c751e8b465ee728b)  -> (artifact id: '09f061acaa6eb0523cf9c38fea13f3cb') in 0.024320 seconds 
========================================================================
Received Import Request.
  Time since last request: 0.000017 seconds.
  path: Assets/PolygonBattleRoyale/Prefabs/Characters/Attachments/SM_Chr_Attach_Pouch_05.prefab
  artifactKey: Guid(8c2bb359c828fa14bb3635bf7db1c18a) Importer(815301076,1909f56bfc062723c751e8b465ee728b)
Start importing Assets/PolygonBattleRoyale/Prefabs/Characters/Attachments/SM_Chr_Attach_Pouch_05.prefab using Guid(8c2bb359c828fa14bb3635bf7db1c18a) Importer(815301076,1909f56bfc062723c751e8b465ee728b)  -> (artifact id: '14bbda0ce412827b6d27327047ca5a53') in 0.017026 seconds 
========================================================================
Received Import Request.
  Time since last request: 0.000023 seconds.
  path: Assets/PolygonBattleRoyale/Prefabs/Characters/Attachments/SM_Chr_Attach_Pouch_08.prefab
  artifactKey: Guid(b0614b0d3d9e1aa429283ae93b5ace8a) Importer(815301076,1909f56bfc062723c751e8b465ee728b)
Start importing Assets/PolygonBattleRoyale/Prefabs/Characters/Attachments/SM_Chr_Attach_Pouch_08.prefab using Guid(b0614b0d3d9e1aa429283ae93b5ace8a) Importer(815301076,1909f56bfc062723c751e8b465ee728b)  -> (artifact id: '94e623f31d200d772be9d916f3823675') in 0.015873 seconds 
========================================================================
Received Import Request.
  Time since last request: 0.509854 seconds.
  path: Assets/PolygonBattleRoyale/Prefabs/Environments/SM_Env_Beach_Staight_01.prefab
  artifactKey: Guid(410ff37fd4047ff49adc18d248de45d7) Importer(815301076,1909f56bfc062723c751e8b465ee728b)
Start importing Assets/PolygonBattleRoyale/Prefabs/Environments/SM_Env_Beach_Staight_01.prefab using Guid(410ff37fd4047ff49adc18d248de45d7) Importer(815301076,1909f56bfc062723c751e8b465ee728b)  -> (artifact id: '8dcc6f526ed2e46062191eed6daae146') in 0.009886 seconds 
========================================================================
Received Import Request.
  Time since last request: 0.000014 seconds.
  path: Assets/PolygonBattleRoyale/Prefabs/Environments/SM_Env_DirtRoad_Straight_01.prefab
  artifactKey: Guid(82bad799e641e8a418c4942ff4bf423d) Importer(815301076,1909f56bfc062723c751e8b465ee728b)
Start importing Assets/PolygonBattleRoyale/Prefabs/Environments/SM_Env_DirtRoad_Straight_01.prefab using Guid(82bad799e641e8a418c4942ff4bf423d) Importer(815301076,1909f56bfc062723c751e8b465ee728b)  -> (artifact id: '1d375c649e1d58573d3c560c3f9e785e') in 0.012178 seconds 
========================================================================
Received Import Request.
  Time since last request: 0.000013 seconds.
  path: Assets/PolygonBattleRoyale/Prefabs/Environments/SM_Env_Rubble_Pile_02.prefab
  artifactKey: Guid(4b0ae1d9a12974f4e96ef8b030b8232e) Importer(815301076,1909f56bfc062723c751e8b465ee728b)
Start importing Assets/PolygonBattleRoyale/Prefabs/Environments/SM_Env_Rubble_Pile_02.prefab using Guid(4b0ae1d9a12974f4e96ef8b030b8232e) Importer(815301076,1909f56bfc062723c751e8b465ee728b)  -> (artifact id: '7c584291fabe0a37b3ff618e7ed2a894') in 0.011228 seconds 
========================================================================
Received Import Request.
  Time since last request: 0.000013 seconds.
  path: Assets/PolygonBattleRoyale/Prefabs/Environments/SM_Env_Rubble_Plank_03.prefab
  artifactKey: Guid(198eb5b8a357d2a4eab37532c7cfdb9e) Importer(815301076,1909f56bfc062723c751e8b465ee728b)
Start importing Assets/PolygonBattleRoyale/Prefabs/Environments/SM_Env_Rubble_Plank_03.prefab using Guid(198eb5b8a357d2a4eab37532c7cfdb9e) Importer(815301076,1909f56bfc062723c751e8b465ee728b)  -> (artifact id: '6a9b1555eef9c50cda847e400094adc2') in 0.015811 seconds 
========================================================================
Received Import Request.
  Time since last request: 0.000015 seconds.
  path: Assets/PolygonBattleRoyale/Prefabs/Environments/SM_Env_Rock_02.prefab
  artifactKey: Guid(1e3861f9ad1beae4eadd9ad081712f57) Importer(815301076,1909f56bfc062723c751e8b465ee728b)
Start importing Assets/PolygonBattleRoyale/Prefabs/Environments/SM_Env_Rock_02.prefab using Guid(1e3861f9ad1beae4eadd9ad081712f57) Importer(815301076,1909f56bfc062723c751e8b465ee728b)  -> (artifact id: '037d3c79dd24469ed32236b5b8ca5346') in 0.014522 seconds 
========================================================================
Received Import Request.
  Time since last request: 0.000013 seconds.
  path: Assets/PolygonBattleRoyale/Prefabs/Environments/SM_Env_Port_Wall_02.prefab
  artifactKey: Guid(564eb5ac1c6fdc14dba2d2f8ccf992f7) Importer(815301076,1909f56bfc062723c751e8b465ee728b)
Start importing Assets/PolygonBattleRoyale/Prefabs/Environments/SM_Env_Port_Wall_02.prefab using Guid(564eb5ac1c6fdc14dba2d2f8ccf992f7) Importer(815301076,1909f56bfc062723c751e8b465ee728b)  -> (artifact id: 'fa4b6e202616a1bf759b75d9900dd709') in 0.013028 seconds 
========================================================================
Received Import Request.
  Time since last request: 0.000013 seconds.
  path: Assets/PolygonBattleRoyale/Prefabs/Environments/SM_Env_Rubble_Plank_02.prefab
  artifactKey: Guid(911e43b19125da6409d89497f56f7103) Importer(815301076,1909f56bfc062723c751e8b465ee728b)
Start importing Assets/PolygonBattleRoyale/Prefabs/Environments/SM_Env_Rubble_Plank_02.prefab using Guid(911e43b19125da6409d89497f56f7103) Importer(815301076,1909f56bfc062723c751e8b465ee728b)  -> (artifact id: 'd4cffcb5a36d71e983ad973da3631a58') in 0.011924 seconds 
========================================================================
Received Import Request.
  Time since last request: 0.000016 seconds.
  path: Assets/PolygonBattleRoyale/Prefabs/Environments/SM_Env_Road_Straight_03.prefab
  artifactKey: Guid(63f52685b1f2fab498745a15377a2b35) Importer(815301076,1909f56bfc062723c751e8b465ee728b)
Start importing Assets/PolygonBattleRoyale/Prefabs/Environments/SM_Env_Road_Straight_03.prefab using Guid(63f52685b1f2fab498745a15377a2b35) Importer(815301076,1909f56bfc062723c751e8b465ee728b)  -> (artifact id: '38374b3233c42dcdc24872960b9c50c7') in 0.012695 seconds 
========================================================================
Received Import Request.
  Time since last request: 0.000018 seconds.
  path: Assets/PolygonBattleRoyale/Prefabs/Environments/SM_Env_Rubble_Pebbles_01.prefab
  artifactKey: Guid(b3cdda3cca11aab4b831821407447d27) Importer(815301076,1909f56bfc062723c751e8b465ee728b)
Start importing Assets/PolygonBattleRoyale/Prefabs/Environments/SM_Env_Rubble_Pebbles_01.prefab using Guid(b3cdda3cca11aab4b831821407447d27) Importer(815301076,1909f56bfc062723c751e8b465ee728b)  -> (artifact id: 'e3046c9ba825463ac714b44cac61bf6d') in 0.024269 seconds 
========================================================================
Received Import Request.
  Time since last request: 0.000023 seconds.
  path: Assets/PolygonBattleRoyale/Prefabs/Environments/SM_Env_Road_Straight_End_01.prefab
  artifactKey: Guid(061ef3f04c08a1647b3f8d4a9835b9e2) Importer(815301076,1909f56bfc062723c751e8b465ee728b)
Start importing Assets/PolygonBattleRoyale/Prefabs/Environments/SM_Env_Road_Straight_End_01.prefab using Guid(061ef3f04c08a1647b3f8d4a9835b9e2) Importer(815301076,1909f56bfc062723c751e8b465ee728b)  -> (artifact id: 'a4f9a2594c5aa76788aa3b74f3cc44fc') in 0.015354 seconds 
========================================================================
Received Import Request.
  Time since last request: 0.000014 seconds.
  path: Assets/PolygonBattleRoyale/Prefabs/Environments/SM_Env_Grass_Square_01.prefab
  artifactKey: Guid(f7dc8d1971098534588afce7d1a72784) Importer(815301076,1909f56bfc062723c751e8b465ee728b)
Start importing Assets/PolygonBattleRoyale/Prefabs/Environments/SM_Env_Grass_Square_01.prefab using Guid(f7dc8d1971098534588afce7d1a72784) Importer(815301076,1909f56bfc062723c751e8b465ee728b)  -> (artifact id: 'c76ca5616a49c13d0baccbea32bae097') in 0.013211 seconds 
========================================================================
Received Import Request.
  Time since last request: 0.000011 seconds.
  path: Assets/PolygonBattleRoyale/Prefabs/Environments/SM_Env_Grass_Circle_02.prefab
  artifactKey: Guid(493c8e798d0ed12468996c1a02e0c4c7) Importer(815301076,1909f56bfc062723c751e8b465ee728b)
Start importing Assets/PolygonBattleRoyale/Prefabs/Environments/SM_Env_Grass_Circle_02.prefab using Guid(493c8e798d0ed12468996c1a02e0c4c7) Importer(815301076,1909f56bfc062723c751e8b465ee728b)  -> (artifact id: 'da60fc632b06f111d633a697087780d8') in 0.011683 seconds 
========================================================================
Received Import Request.
  Time since last request: 0.000015 seconds.
  path: Assets/PolygonBattleRoyale/Prefabs/Environments/SM_Env_Rubble_Pile_01.prefab
  artifactKey: Guid(aa510ff3d2aaac5429850d22a2941247) Importer(815301076,1909f56bfc062723c751e8b465ee728b)
Start importing Assets/PolygonBattleRoyale/Prefabs/Environments/SM_Env_Rubble_Pile_01.prefab using Guid(aa510ff3d2aaac5429850d22a2941247) Importer(815301076,1909f56bfc062723c751e8b465ee728b)  -> (artifact id: '608de4c6c79c5782dd2fe4dea05455b4') in 0.016888 seconds 
========================================================================
Received Import Request.
  Time since last request: 0.000014 seconds.
  path: Assets/PolygonBattleRoyale/Prefabs/Environments/SM_Env_Road_Corner_01.prefab
  artifactKey: Guid(3b87b97dae899f24daa9b2f9224b6481) Importer(815301076,1909f56bfc062723c751e8b465ee728b)
Start importing Assets/PolygonBattleRoyale/Prefabs/Environments/SM_Env_Road_Corner_01.prefab using Guid(3b87b97dae899f24daa9b2f9224b6481) Importer(815301076,1909f56bfc062723c751e8b465ee728b)  -> (artifact id: 'cf9507483fa1fac27da2f54f48011580') in 0.014111 seconds 
========================================================================
Received Import Request.
  Time since last request: 0.000014 seconds.
  path: Assets/PolygonBattleRoyale/Prefabs/Environments/SM_Env_Road_Corner_02.prefab
  artifactKey: Guid(38f589c09288e384f93b93dc34dc435b) Importer(815301076,1909f56bfc062723c751e8b465ee728b)
Start importing Assets/PolygonBattleRoyale/Prefabs/Environments/SM_Env_Road_Corner_02.prefab using Guid(38f589c09288e384f93b93dc34dc435b) Importer(815301076,1909f56bfc062723c751e8b465ee728b)  -> (artifact id: '3b66f4b5d9ebfc544c8255066168c110') in 0.017693 seconds 
========================================================================
Received Import Request.
  Time since last request: 0.000014 seconds.
  path: Assets/PolygonBattleRoyale/Prefabs/Environments/SM_Env_Rubble_Pebbles_02.prefab
  artifactKey: Guid(20d4d1d81be647842afbca4b0c65e82d) Importer(815301076,1909f56bfc062723c751e8b465ee728b)
Start importing Assets/PolygonBattleRoyale/Prefabs/Environments/SM_Env_Rubble_Pebbles_02.prefab using Guid(20d4d1d81be647842afbca4b0c65e82d) Importer(815301076,1909f56bfc062723c751e8b465ee728b)  -> (artifact id: '68b615c352cf8ff4df369b1f49c909fb') in 0.013246 seconds 
========================================================================
Received Import Request.
  Time since last request: 0.000014 seconds.
  path: Assets/PolygonBattleRoyale/Prefabs/Environments/SM_Env_Grass_Circle_01.prefab
  artifactKey: Guid(4f89542e855145648969cf74a2b049f6) Importer(815301076,1909f56bfc062723c751e8b465ee728b)
Start importing Assets/PolygonBattleRoyale/Prefabs/Environments/SM_Env_Grass_Circle_01.prefab using Guid(4f89542e855145648969cf74a2b049f6) Importer(815301076,1909f56bfc062723c751e8b465ee728b)  -> (artifact id: '21e9424bcf3caa4402221d5738f8f602') in 0.016339 seconds 
========================================================================
Received Import Request.
  Time since last request: 0.000016 seconds.
  path: Assets/PolygonBattleRoyale/Prefabs/Environments/SM_Env_Rubble_Pebbles_03.prefab
  artifactKey: Guid(dcc4f2b0304bbd04bb61515da38c14d7) Importer(815301076,1909f56bfc062723c751e8b465ee728b)
Start importing Assets/PolygonBattleRoyale/Prefabs/Environments/SM_Env_Rubble_Pebbles_03.prefab using Guid(dcc4f2b0304bbd04bb61515da38c14d7) Importer(815301076,1909f56bfc062723c751e8b465ee728b)  -> (artifact id: '17316ee4d3e5643724c5dfbf37e520a1') in 0.012592 seconds 
Editor requested this worker to shutdown with reason: Scaling down because of idle timeout
AssetImportWorker is now disconnected from the server
Process exiting
Exiting without the bug reporter. Application will terminate with return code 0